

-------------Start of calculation-------------
initial values of parameters and bounds (lower - upper)
          V1      20276.        -inf         inf
         V11     -21814.        -inf         inf
         V12      14.980        -inf         inf
         V15      25199.        -inf         inf
         V16     -9.6979        -inf         inf
         V17      3906.0        -inf         inf
         V19      25000.        -inf         inf
          V2     -29.547        -inf         inf
         V20     -9.7000        -inf         inf

new variance components after 2 iteration
value of L is          63.775  and of SS is          23.629
new parameters after 51 iterations
value of L is          87.293  and of SS is         0.10997
new variance components after 2 iteration
value of L is          87.293  and of SS is         0.10997
new parameters after 21 iterations
value of L is          87.293  and of SS is         0.10997
new variance components after 2 iteration
value of L is          87.293  and of SS is         0.10997

Process ended after    2 iterations
tensolve report
Last global step failed to locate a point lower than XP
gradient is
          V1  1.1161e-05
         V11 -6.5001e-06
         V12 -0.00019595
         V15 -7.9629e-06
         V16 -1.0912e-05
         V17 -7.5382e-05
         V19 -6.6772e-06
          V2  8.6461e-06
         V20 -7.5428e-06


difL       0.0000, difv       0.0000
value of L is          87.293  and of SS is         0.10997


Parameter +/- standard deviation
          V1      20372. +/-    0.011979
         V11     -21709. +/-    0.014559
         V12      15.167 +/-    0.014389
         V15      24123. +/-    0.042292
         V16     -8.3303 +/-    0.039700
         V17      3070.0 +/-    0.018210
         V19      22308. +/-     0.11180
          V2     -29.448 +/-    0.011544
         V20     -7.2733 +/-    0.089139

Correlation matrix for free parameters
           1
     0.46988           1
    -0.49063    -0.88048           1
     0.59296     0.24669    -0.18829           1
    -0.56626    -0.21545     0.24182    -0.95818           1
     0.13250    0.020205   -0.018054    0.065912     0.12661           1
   -0.054031     0.17405    -0.16902    -0.24882     0.24842    -0.22737           1
    -0.91307    -0.46312     0.65987    -0.46494     0.50827    -0.11140    0.011379           1
    0.022189    -0.18270     0.21292     0.21984    -0.20665     0.20203    -0.99448    0.045260           1
 ID           eq            sr             sga            sgb
    E1T   BCC_L_A2B_T, *      10.000, *      0.0000,        n/a  ;
    E1L   BCC_L_A2B_L, *    0.020000, *      0.0000,        n/a  ;
    E1B   BCC_L_A2B_B, *    0.020000, *      0.0000,        n/a  ;
     L1         A2B_L, *      10.000, *      0.0000,        n/a  ;
    E2T   A2B_L_BCC_T, *      10.000, *      0.0000,        n/a  ;
    E2L   A2B_L_BCC_L, *    0.020000, *      0.0000,        n/a  ;
    E2B   A2B_L_BCC_B, *    0.020000, *      0.0000,        n/a  ;
    E3T   L_BCC_FCC_T, *      10.000, *      0.0000,        n/a  ;
    E3L   L_BCC_FCC_L, *    0.020000, *      0.0000,        n/a  ;
    E3B   L_BCC_FCC_B, *    0.020000, *      0.0000,        n/a  ;
    E3F   L_BCC_FCC_F, *    0.020000, *      0.0000,        n/a  ;
    E4T BCC_A2B_BCC_T, *      10.000, *      0.0000,        n/a  ;
   E4B1BCC_A2B_BCC_B1, *    0.020000, *      0.0000,        n/a  ;
   E4B2BCC_A2B_BCC_B2, *    0.020000, *      0.0000,        n/a  ;
     L2      FCC_L_L1, *    0.020000, *      0.0000, *      0.0000;
    L3L      FCC_L_L2, *    0.020000, *      0.0000, *      0.0000;
    L3F       FCC_L_F, *    0.020000, *      0.0000, *      0.0000;
    L4L       BCC_L_L, *    0.020000, *      0.0000,        n/a  ;
    L4B       BCC_L_B, *    0.020000, *      0.0000,        n/a  ;
      A           act, *    0.020000, *      0.0000, *      0.0000;
   Hmix          Hmix, *      500.00, *      0.0000, *      0.0000;
     Hm         Hmelt, *      500.00, *      0.0000,        n/a  ;


Results 
     ID         av_dev        sri      err_a        err_b      err1_b
          E1T     0.59770      0.0000     0.59770       n/a         n/a 
          E1L  0.00017498      0.0000  0.00017498       n/a         n/a 
          E1B  0.00016386      0.0000 -0.00016386       n/a         n/a 
           L1     0.27133      0.0000    -0.27133       n/a         n/a 
          E2T     0.75680      0.0000     0.75680       n/a         n/a 
          E2L  0.00036496      0.0000  0.00036496       n/a         n/a 
          E2B   0.0010608      0.0000   0.0010608       n/a         n/a 
          E3T     0.10584      0.0000    -0.10584       n/a         n/a 
          E3L  0.00036982      0.0000  0.00036982       n/a         n/a 
          E3B  6.9523e-05      0.0000 -6.9523e-05       n/a         n/a 
          E3F  3.4138e-05      0.0000 -3.4138e-05       n/a         n/a 
          E4T     0.70155      0.0000     0.70155       n/a         n/a 
         E4B1  0.00081057      0.0000 -0.00081057       n/a         n/a 
         E4B2  0.00056871      0.0000  0.00056871       n/a         n/a 
           L2  0.00057866  0.00030485 -0.00047947 -1.8927e-06 -0.00010965
          L3L  0.00068951  0.00058897 -0.00024093  3.2211e-06  0.00026551
          L3F  0.00056848  1.5667e-05  0.00053843  2.2042e-06  0.00018169
          L4L  0.00068451      0.0000 -0.00068451       n/a         n/a 
          L4B  0.00038565      0.0000  0.00038565       n/a         n/a 
            A   0.0016508   0.0014692 -0.00075124  0.00018591  4.8001e-05
         Hmix      21.297      8.9180     -18.305     -24.167     -6.2398
           Hm      8.3196      0.0000      8.3196       n/a         n/a 

     ID       Ntot     Ns      NOfX      xav       Ps       ScaleOfX
          E1T    1    1           0      0.0000      0.0000      1.0000
          E1L    1    1           1      1193.0      0.0000      1.0000
          E1B    1    1           1      1193.0      0.0000      1.0000
           L1    1    1           2     0.33333      0.0000      1.0000
          E2T    1    1           0      0.0000      0.0000      1.0000
          E2L    1    1           1      1049.0      0.0000      1.0000
          E2B    1    1           1      1049.0      0.0000      1.0000
          E3T    1    1           0      0.0000      0.0000      1.0000
          E3L    1    1           1      1203.0      0.0000      1.0000
          E3B    1    1           1      1203.0      0.0000      1.0000
          E3F    1    1           1      1203.0      0.0000      1.0000
          E4T    1    1           0      0.0000      0.0000      1.0000
         E4B1    1    1           1      726.00      0.0000      1.0000
         E4B2    1    1           1      726.00      0.0000      1.0000
           L2    4    4           1      1519.8      115.87      1.0000
          L3L    3    3           1      1321.0      142.77      1.0000
          L3F    3    3           1      1321.0      142.77      1.0000
          L4L    1    1           1      1100.0      0.0000      1.0000
          L4B    1    1           1      1100.0      0.0000      1.0000
            A    9    9           1     0.50000     0.77460      1.0000
         Hmix    9    9           1     0.50000     0.77460      1.0000
           Hm    1    1           2      1341.0      0.0000      1.0000

