

-------------Start of calculation-------------
initial values of parameters and bounds (lower - upper)
         L0a     -7191.0        -inf         inf
         L0b      3.3630        -inf         inf
       s113a     -924.60        -inf         inf
        s11a     -2594.0        -inf         inf

new variance components after 2 iteration
value of L is         -16688.  and of SS is          14679.
new parameters after 42 iterations
value of L is         -13334.  and of SS is          11324.
new variance components after 2 iteration
value of L is         -13334.  and of SS is          11324.
new parameters after 19 iterations
value of L is         -13334.  and of SS is          11324.
new variance components after 2 iteration
value of L is         -13334.  and of SS is          11324.

Process ended after    2 iterations
tensolve report
Last global step failed to locate a point lower than XP
gradient is
         L0a -7.9158e-05
         L0b   -0.093640
       s113a  -0.0011976
        s11a -2.8046e-05


difL   1.6355e-09, difv       0.0000
value of L is         -13334.  and of SS is          11324.


Parameter +/- standard deviation
         L0a     -11986. +/-      135.06
         L0b      10.558 +/-     0.15897
       s113a     -758.08 +/-      3.7616
        s11a     -2370.6 +/-      9.0637

Correlation matrix for free parameters
           1
    -0.96864           1
    -0.28872     0.45064           1
     0.29376   -0.054330     0.55320           1
 ID           eq            sr             sga            sgb
     F1         HBaCu, *      3915.0, *      0.0000,        n/a  ;
     H1           HBa, *      5000.0, *      0.0000, *      0.0000;
     H2           HBa, *      5000.0, *      0.0000, *      0.0000;
     H3           HCu, *      5000.0, *      0.0000, *      0.0000;
     L1          Ba_L, *      1.0000, *      0.0000, *      0.0000;
     L2          Ba_L, *      1.0000, *      0.0000,        n/a  ;
     L3        BaCu_L, *      1.0000, *      0.0000, *      0.0000;
     L4        BaCu_L, *      1.0000, *      0.0000,        n/a  ;
     L5      BaCu13_L, *      1.0000, *      0.0000, *      0.0000;
     L6      BaCu13_L, *      1.0000, *      0.0000,        n/a  ;
     L7          Cu_L, *      1.0000, *      0.0000, *      0.0000;
     L8          Cu_L, *      1.0000, *      0.0000, *      0.0000;
     N1     Ba_L_BaCu, *      1.0000, *      0.0000, *      0.0000;
     N2     Ba_L_BaCu, *      1.0000, *      0.0000,        n/a  ;
     N3 BaCu_L_BaCu13, *      1.0000, *      0.0000, *      0.0000;
     N4 BaCu_L_BaCu13, *      1.0000, *      0.0000, *      0.0000;
     N5 BaCu_L_BaCu13, *      1.0000, *      0.0000, *      0.0000;
     N6   BaCu13_L_Cu, *      1.0000, *      0.0000,        n/a  ;


Results 
     ID         av_dev        sri      err_a        err_b      err1_b
           F1      226.40      0.0000     -226.40       n/a         n/a 
           H1      6265.1      2145.0      5773.8     -12392.     -1146.0
           H2      17782.      713.88      16487.      77568.      6623.6
           H3      6773.3      969.90      5903.3     -19564.     -3176.2
           L1      14.107     0.33686     -12.777     -146.23     -5.9700
           L2      31.485      0.0000     -31.485       n/a         n/a 
           L3      18.253      2.8493      17.352     -58.710     -4.8948
           L4      8.2852      0.0000      8.2852       n/a         n/a 
           L5      15.683      0.0000     -7.5690     -915.72     -13.736
           L6      41.793      0.0000     -41.793       n/a         n/a 
           L7      13.523      7.7059     -1.2277     -122.23     -11.044
           L8      31.341      0.0000      31.318     -23.753     -1.1876
           N1      4.9500      2.8225      1.8757      24.704      3.6080
           N2     0.25068      0.0000     0.25068       n/a         n/a 
           N3      4.5378      2.6009     -3.7137     -1.3462    -0.18733
           N4      9.8220      2.9935     -8.1137     -39.445     -4.6561
           N5      2.7137      0.0000     -2.7137  6.1502e-15  9.5636e-16
           N6      12.544      0.0000      12.544       n/a         n/a 

     ID       Ntot     Ns      NOfX      xav       Ps       ScaleOfX
           F1    1    1           0      0.0000      0.0000      1.0000
           H1   68   68           2     0.88699     0.76260      1.0000
           H2    6    6           2     0.87500     0.20917      1.0000
           H3   43   43           2     0.29716      1.0646      1.0000
           L1    3    3           2     0.10000    0.070711      1.0000
           L2    1    1           2     0.20700      0.0000      1.0000
           L3    5    5           2     0.41680     0.18643      1.0000
           L4    1    1           2     0.49900      0.0000      1.0000
           L5    2    2           2     0.59000    0.021213      1.0000
           L6    1    1           2     0.57400      0.0000      1.0000
           L7   13   13           2     0.83962     0.32579      1.0000
           L8    2    2           2     0.80000    0.070711      1.0000
           N1    8    8           2     0.25687     0.41309      1.0000
           N2    1    1           2     0.20700      0.0000      1.0000
           N3   16   15           2     0.78207     0.53893      1.0000
           N4    5    5           2     0.66600     0.26394      1.0000
           N5    2    2           2     0.65450     0.21991      1.0000
           N6    1    1           2     0.81000      0.0000      1.0000

