

-------------Start of calculation-------------
initial values of parameters and bounds (lower - upper)
          V1      20276.   -Infinity    Infinity
         V11     -21814.   -Infinity    Infinity
         V12      14.980   -Infinity    Infinity
         V15      25199.   -Infinity    Infinity
         V16     -9.6979   -Infinity    Infinity
         V17      3906.0   -Infinity    Infinity
         V19      25000.   -Infinity    Infinity
          V2     -29.547   -Infinity    Infinity
         V20     -9.7000   -Infinity    Infinity

new variance components after 2 iteration
value of L is          63.775  and of SS is          23.629
new parameters after 51 iterations
value of L is          87.293  and of SS is         0.10997
new variance components after 2 iteration
value of L is          87.293  and of SS is         0.10997
new parameters after 21 iterations
value of L is          87.293  and of SS is         0.10997
new variance components after 2 iteration
value of L is          87.293  and of SS is         0.10997

Process ended after    2 iterations
tensolve report
Last global step failed to locate a point lower than XP
gradient is
          V1 -0.00019351
         V11  4.0066e-05
         V12 -0.00027350
         V15 -9.0964e-05
         V16 -0.00015028
         V17 -0.00018198
         V19  8.9808e-06
          V2 -0.00021383
         V20  8.1777e-06


difL       0.0000, difv       0.0000
value of L is          87.293  and of SS is         0.10997


Parameter +/- standard deviation
          V1      20372. +/-    0.011978
         V11     -21709. +/-    0.014559
         V12      15.167 +/-    0.014389
         V15      24123. +/-    0.042291
         V16     -8.3303 +/-    0.039699
         V17      3070.0 +/-    0.018210
         V19      22308. +/-     0.11180
          V2     -29.448 +/-    0.011544
         V20     -7.2732 +/-    0.089139

Correlation matrix for free parameters
           1
     0.46989           1
    -0.49064    -0.88048           1
     0.59295     0.24670    -0.18829           1
    -0.56627    -0.21546     0.24182    -0.95818           1
     0.13246    0.020195   -0.018054    0.065924     0.12660           1
   -0.054020     0.17405    -0.16902    -0.24882     0.24842    -0.22737           1
    -0.91308    -0.46312     0.65988    -0.46492     0.50826    -0.11137    0.011369           1
    0.022177    -0.18270     0.21292     0.21984    -0.20665     0.20203    -0.99448    0.045269           1
 ID           eq            sr             sga            sgb
    E1T   BCC_L_A2B_T, *      10.000, *      0.0000,        n/a  ;
    E1L   BCC_L_A2B_L, *    0.020000, *      0.0000,        n/a  ;
    E1B   BCC_L_A2B_B, *    0.020000, *      0.0000,        n/a  ;
     L1         A2B_L, *      10.000, *      0.0000,        n/a  ;
    E2T   A2B_L_BCC_T, *      10.000, *      0.0000,        n/a  ;
    E2L   A2B_L_BCC_L, *    0.020000, *      0.0000,        n/a  ;
    E2B   A2B_L_BCC_B, *    0.020000, *      0.0000,        n/a  ;
    E3T   L_BCC_FCC_T, *      10.000, *      0.0000,        n/a  ;
    E3L   L_BCC_FCC_L, *    0.020000, *      0.0000,        n/a  ;
    E3B   L_BCC_FCC_B, *    0.020000, *      0.0000,        n/a  ;
    E3F   L_BCC_FCC_F, *    0.020000, *      0.0000,        n/a  ;
    E4T BCC_A2B_BCC_T, *      10.000, *      0.0000,        n/a  ;
   E4B1BCC_A2B_BCC_B1, *    0.020000, *      0.0000,        n/a  ;
   E4B2BCC_A2B_BCC_B2, *    0.020000, *      0.0000,        n/a  ;
     L2      FCC_L_L1, *    0.020000, *      0.0000, *      0.0000;
    L3L      FCC_L_L2, *    0.020000, *      0.0000, *      0.0000;
    L3F       FCC_L_F, *    0.020000, *      0.0000, *      0.0000;
    L4L       BCC_L_L, *    0.020000, *      0.0000,        n/a  ;
    L4B       BCC_L_B, *    0.020000, *      0.0000,        n/a  ;
      A           act, *    0.020000, *      0.0000, *      0.0000;
   Hmix          Hmix, *      500.00, *      0.0000, *      0.0000;
     Hm         Hmelt, *      500.00, *      0.0000,        n/a  ;


Results 
     ID         av_dev        sri      err_a        err_b      err1_b
          E1T     0.59770      0.0000     0.59770       n/a         n/a 
          E1L  0.00017496      0.0000  0.00017496       n/a         n/a 
          E1B  0.00016390      0.0000 -0.00016390       n/a         n/a 
           L1     0.27136      0.0000    -0.27136       n/a         n/a 
          E2T     0.75684      0.0000     0.75684       n/a         n/a 
          E2L  0.00036498      0.0000  0.00036498       n/a         n/a 
          E2B   0.0010609      0.0000   0.0010609       n/a         n/a 
          E3T     0.10586      0.0000    -0.10586       n/a         n/a 
          E3L  0.00036985      0.0000  0.00036985       n/a         n/a 
          E3B  6.9436e-05      0.0000 -6.9436e-05       n/a         n/a 
          E3F  3.4037e-05      0.0000 -3.4037e-05       n/a         n/a 
          E4T     0.70150      0.0000     0.70150       n/a         n/a 
         E4B1  0.00081051      0.0000 -0.00081051       n/a         n/a 
         E4B2  0.00056853      0.0000  0.00056853       n/a         n/a 
           L2  0.00057870  0.00030484 -0.00047953 -1.8926e-06 -0.00010964
          L3L  0.00068950  0.00058896 -0.00024094  3.2206e-06  0.00026547
          L3F  0.00056846  1.5676e-05  0.00053843  2.2034e-06  0.00018163
          L4L  0.00068450      0.0000 -0.00068450       n/a         n/a 
          L4B  0.00038569      0.0000  0.00038569       n/a         n/a 
            A   0.0016508   0.0014691 -0.00075121  0.00018587  4.7990e-05
         Hmix      21.297      8.9183     -18.306     -24.167     -6.2398
           Hm      8.3210      0.0000      8.3210       n/a         n/a 

     ID       Ntot     Ns      NOfX      xav       Ps       ScaleOfX
          E1T    1    1           0      0.0000      0.0000      1.0000
          E1L    1    1           1      1193.0      0.0000      1.0000
          E1B    1    1           1      1193.0      0.0000      1.0000
           L1    1    1           2     0.33333      0.0000      1.0000
          E2T    1    1           0      0.0000      0.0000      1.0000
          E2L    1    1           1      1049.0      0.0000      1.0000
          E2B    1    1           1      1049.0      0.0000      1.0000
          E3T    1    1           0      0.0000      0.0000      1.0000
          E3L    1    1           1      1203.0      0.0000      1.0000
          E3B    1    1           1      1203.0      0.0000      1.0000
          E3F    1    1           1      1203.0      0.0000      1.0000
          E4T    1    1           0      0.0000      0.0000      1.0000
         E4B1    1    1           1      726.00      0.0000      1.0000
         E4B2    1    1           1      726.00      0.0000      1.0000
           L2    4    4           1      1519.8      115.87      1.0000
          L3L    3    3           1      1321.0      142.77      1.0000
          L3F    3    3           1      1321.0      142.77      1.0000
          L4L    1    1           1      1100.0      0.0000      1.0000
          L4B    1    1           1      1100.0      0.0000      1.0000
            A    9    9           1     0.50000     0.77460      1.0000
         Hmix    9    9           1     0.50000     0.77460      1.0000
           Hm    1    1           2      1341.0      0.0000      1.0000

