

-------------Start of calculation-------------
initial values of parameters and bounds (lower - upper)
         L0a     -7191.0        -inf         inf
         L0b      3.3630        -inf         inf
       s113a     -924.60        -inf         inf
        s11a     -2594.0        -inf         inf

new variance components after 2 iteration
value of L is         -2465.4  and of SS is          177.00
new parameters after 11 iterations
value of L is         -2453.1  and of SS is          164.64
new variance components after 2 iteration
value of L is         -2449.8  and of SS is          177.00
new parameters after 11 iterations
value of L is         -2449.8  and of SS is          176.98
new variance components after 2 iteration
value of L is         -2449.8  and of SS is          177.00
new parameters after 11 iterations
value of L is         -2449.8  and of SS is          176.98
new variance components after 2 iteration
value of L is         -2449.8  and of SS is          177.00
new parameters after 11 iterations
value of L is         -2449.7  and of SS is          176.98
new variance components after 2 iteration
value of L is         -2449.7  and of SS is          177.00
new parameters after 11 iterations
value of L is         -2449.7  and of SS is          176.98
new variance components after 2 iteration
value of L is         -2449.7  and of SS is          177.00

Process ended after    5 iterations
tensolve report
Last global step failed to locate a point lower than XP
gradient is
         L0a     0.14961
         L0b      121.36
       s113a   -0.048009
        s11a    -0.47163


difL   9.9667e-06, difv   0.00079785
value of L is         -2449.7  and of SS is          177.00


Parameter +/- standard deviation
         L0a     -7191.0 +/-      546.91
         L0b      3.3630 +/-      1.0939
       s113a     -924.60 +/-      70.114
        s11a     -2593.9 +/-      154.28

Correlation matrix for free parameters
           1
    -0.86167           1
    -0.47173     0.55033           1
    -0.36023     0.78120     0.40933           1
 ID           eq            sr             sga            sgb
     F1         HBaCu, *      3915.0, *      0.0000,        n/a  ;
     H1           HBa, #3     4838.5, *      0.0000, *      0.0000;
     H2           HBa, #3     4838.5, *      0.0000, *      0.0000;
     H3           HCu, #3     4838.5, *      0.0000, *      0.0000;
     L1          Ba_L, #1     27.089, *      0.0000, *      0.0000;
     L2          Ba_L, #1     27.089, *      0.0000,        n/a  ;
     L3        BaCu_L, #1     27.089, *      0.0000, *      0.0000;
     L4        BaCu_L, #1     27.089, *      0.0000,        n/a  ;
     L5      BaCu13_L, #1     27.089, *      0.0000, *      0.0000;
     L6      BaCu13_L, #1     27.089, *      0.0000,        n/a  ;
     L7          Cu_L, #1     27.089, *      0.0000, *      0.0000;
     L8          Cu_L, #1     27.089, *      0.0000, *      0.0000;
     N1     Ba_L_BaCu, #2     3.8388, *      0.0000, *      0.0000;
     N2     Ba_L_BaCu, #2     3.8388, *      0.0000,        n/a  ;
     N3 BaCu_L_BaCu13, #2     3.8388, *      0.0000, *      0.0000;
     N4 BaCu_L_BaCu13, #2     3.8388, *      0.0000, *      0.0000;
     N5 BaCu_L_BaCu13, #2     3.8388, *      0.0000, *      0.0000;
     N6   BaCu13_L_Cu, #2     3.8388, *      0.0000,        n/a  ;


Results 
     ID         av_dev        sri      err_a        err_b      err1_b
           F1      3.1038      0.0000     -3.1038       n/a         n/a 
           H1      3483.0      2156.0      1960.3     -20630.     -1907.8
           H2      14096.      683.99      12780.      69176.      5907.0
           H3      4097.5      926.12      3408.2     -12796.     -2077.4
           L1      10.577     0.48266      9.4321      116.65      4.7621
           L2      27.208      0.0000      27.208       n/a         n/a 
           L3      28.480      4.6361      27.759     -52.392     -4.3681
           L4      17.561      0.0000      17.561       n/a         n/a 
           L5      19.487      0.0000      18.181     -467.71     -7.0156
           L6      39.745      0.0000      39.745       n/a         n/a 
           L7      24.484      11.374      18.208     -130.28     -11.772
           L8      49.872      0.0000      49.252     -156.85     -7.8423
           N1      6.5345      0.0000      6.5345  1.1711e-14  1.7104e-15
           N2      6.5345      0.0000      6.5345       n/a         n/a 
           N3      1.9905  5.7584e-08      1.9905  1.0321e-14  1.4361e-15
           N4      1.9905      0.0000      1.9905 -6.3745e-15 -7.5245e-16
           N5      1.9905      0.0000      1.9905 -3.4436e-15 -5.3548e-16
           N6     0.31897      0.0000     0.31897       n/a         n/a 

     ID       Ntot     Ns      NOfX      xav       Ps       ScaleOfX
           F1    1    1           0      0.0000      0.0000      1.0000
           H1   68   68           2     0.88699     0.76260      1.0000
           H2    6    6           2     0.87500     0.20917      1.0000
           H3   43   43           2     0.29716      1.0646      1.0000
           L1    3    3           2     0.10000    0.070711      1.0000
           L2    1    1           2     0.20700      0.0000      1.0000
           L3    5    5           2     0.41680     0.18643      1.0000
           L4    1    1           2     0.49900      0.0000      1.0000
           L5    2    2           2     0.59000    0.021213      1.0000
           L6    1    1           2     0.57400      0.0000      1.0000
           L7   13   13           2     0.83962     0.32579      1.0000
           L8    2    2           2     0.80000    0.070711      1.0000
           N1    8    8           2     0.25687     0.41309      1.0000
           N2    1    1           2     0.20700      0.0000      1.0000
           N3   16   15           2     0.78207     0.53893      1.0000
           N4    5    5           2     0.66600     0.26394      1.0000
           N5    2    2           2     0.65450     0.21991      1.0000
           N6    1    1           2     0.81000      0.0000      1.0000

