

-------------Start of calculation-------------
initial values of parameters and bounds (lower - upper)
         L0a     -7191.0        -inf         inf
         L0b      3.3630        -inf         inf
       s113a     -924.60        -inf         inf
        s11a     -2594.0        -inf         inf

new variance components after 2 iteration
value of L is         -23434.  and of SS is          21424.
new parameters after 11 iterations
value of L is         -23434.  and of SS is          21424.
new variance components after 2 iteration
value of L is         -23434.  and of SS is          21424.
new parameters after 22 iterations
value of L is         -12952.  and of SS is          10943.
new variance components after 2 iteration
value of L is         -12952.  and of SS is          10943.
new parameters after 37 iterations
value of L is         -12899.  and of SS is          10890.
new variance components after 2 iteration
value of L is         -12899.  and of SS is          10890.
new parameters after 16 iterations
value of L is         -12899.  and of SS is          10890.
new variance components after 2 iteration
value of L is         -12899.  and of SS is          10890.

Process ended after    4 iterations
tensolve report
Last global step failed to locate a point lower than XP
gradient is
         L0a     0.13797
         L0b -2.8116e+06
       s113a    -0.72996
        s11a   -0.030736


difL   6.7884e-06, difv       0.0000
value of L is         -12899.  and of SS is          10890.


Parameter +/- standard deviation
         L0a     -14753. +/-      35.562
         L0b      14.938 +/-  2.0815e-05
       s113a     -370.33 +/-      7.8122
        s11a     -2153.0 +/-      11.391

Correlation matrix for free parameters
           1
    -0.40803           1
     0.73798    -0.36350           1
     0.96212    -0.56841     0.70993           1
 ID           eq            sr             sga            sgb
     F1         HBaCu, *      3915.0, *      0.0000,        n/a  ;
     H1           HBa, *      5000.0, *      0.0000, *      0.0000;
     H2           HBa, *      5000.0, *      0.0000, *      0.0000;
     H3           HCu, *      5000.0, *      0.0000, *      0.0000;
     L1          Ba_L, *      1.0000, *      0.0000, *      0.0000;
     L2          Ba_L, *      1.0000, *      0.0000,        n/a  ;
     L3        BaCu_L, *      1.0000, *      0.0000, *      0.0000;
     L4        BaCu_L, *      1.0000, *      0.0000,        n/a  ;
     L5      BaCu13_L, *      1.0000, *      0.0000, *      0.0000;
     L6      BaCu13_L, *      1.0000, *      0.0000,        n/a  ;
     L7          Cu_L, *      1.0000, *      0.0000, *      0.0000;
     L8          Cu_L, *      1.0000, *      0.0000, *      0.0000;
     N1     Ba_L_BaCu, *      1.0000, *      0.0000, *      0.0000;
     N2     Ba_L_BaCu, *      1.0000, *      0.0000,        n/a  ;
     N3 BaCu_L_BaCu13, *      1.0000, *      0.0000, *      0.0000;
     N4 BaCu_L_BaCu13, *      1.0000, *      0.0000, *      0.0000;
     N5 BaCu_L_BaCu13, *      1.0000, *      0.0000, *      0.0000;
     N6   BaCu13_L_Cu, *      1.0000, *      0.0000,        n/a  ;


Results 
     ID         av_dev        sri      err_a        err_b      err1_b
           F1      444.03      0.0000     -444.03       n/a         n/a 
           H1      8286.7      2138.9      7974.7     -7638.2     -706.37
           H2      19924.      731.13      18626.      82411.      7037.1
           H3      8333.3      1001.2      7343.3     -23470.     -3810.3
           L1      13.507     0.46176      12.003      151.30      6.1767
           L2      31.904      0.0000      31.904       n/a         n/a 
           L3      21.819      2.5495      20.551     -82.447     -6.8738
           L4      9.3695      0.0000      9.3695       n/a         n/a 
           L5      16.930      0.0000      15.389     -470.48     -7.0572
           L6      31.817      0.0000      31.817       n/a         n/a 
           L7      12.981      7.5553      10.463      15.398      1.3913
           L8      25.073      0.0000      25.025      30.955      1.5478
           N1      1.4483  2.1073e-08      1.4483  2.6024e-15  3.8008e-16
           N2      1.4483      0.0000      1.4483       n/a         n/a 
           N3      5.5825  1.8468e-07      5.5825  2.9051e-14  4.0424e-15
           N4      5.5825      0.0000      5.5825 -1.9124e-14 -2.2573e-15
           N5      5.5825      0.0000      5.5825 -1.3774e-14 -2.1419e-15
           N6      26.778      0.0000      26.778       n/a         n/a 

     ID       Ntot     Ns      NOfX      xav       Ps       ScaleOfX
           F1    1    1           0      0.0000      0.0000      1.0000
           H1   68   68           2     0.88699     0.76260      1.0000
           H2    6    6           2     0.87500     0.20917      1.0000
           H3   43   43           2     0.29716      1.0646      1.0000
           L1    3    3           2     0.10000    0.070711      1.0000
           L2    1    1           2     0.20700      0.0000      1.0000
           L3    5    5           2     0.41680     0.18643      1.0000
           L4    1    1           2     0.49900      0.0000      1.0000
           L5    2    2           2     0.59000    0.021213      1.0000
           L6    1    1           2     0.57400      0.0000      1.0000
           L7   13   13           2     0.83962     0.32579      1.0000
           L8    2    2           2     0.80000    0.070711      1.0000
           N1    8    8           2     0.25687     0.41309      1.0000
           N2    1    1           2     0.20700      0.0000      1.0000
           N3   16   15           2     0.78207     0.53893      1.0000
           N4    5    5           2     0.66600     0.26394      1.0000
           N5    2    2           2     0.65450     0.21991      1.0000
           N6    1    1           2     0.81000      0.0000      1.0000

